<?xml version="1.0" encoding="UTF-8"?>
<!-- Generated by org.testng.reporters.JUnitReportReporter -->
<testsuite skipped="0" hostname="DESKTOP-BIOC8UE" name="tests.WeatherFromUITest" tests="1" failures="0" timestamp="2021-04-05T06:02:27 IST" time="14.018" errors="0">
  <testcase name="getWeatherReport" time="14.018" classname="tests.WeatherFromUITest"/>
  <system-out/>
</testsuite> <!-- tests.WeatherFromUITest -->
